TN:
SF:ffc-pay-event/event-schema.js
FN:18,(anonymous_0)
FNF:1
FNH:1
FNDA:3,(anonymous_0)
DA:1,1
DA:3,1
DA:18,1
DA:19,3
DA:21,3
DA:22,2
DA:23,2
DA:26,1
DA:29,1
LF:9
LH:9
BRDA:21,0,0,2
BRDA:21,0,1,1
BRF:2
BRH:2
end_of_record
TN:
SF:ffc-pay-event/event.js
FN:4,(anonymous_0)
FNF:1
FNH:1
FNDA:3,(anonymous_0)
DA:1,2
DA:2,2
DA:4,2
DA:5,3
DA:6,3
DA:7,3
DA:8,3
DA:9,3
DA:11,3
DA:12,3
DA:14,3
DA:16,3
DA:17,1
DA:18,1
DA:21,3
DA:31,3
DA:32,3
DA:34,3
DA:37,2
LF:19
LH:19
BRDA:16,0,0,1
BRDA:16,0,1,2
BRF:2
BRH:2
end_of_record
TN:
SF:ffc-pay-event/index.js
FN:6,(anonymous_0)
FNF:1
FNH:1
FNDA:3,(anonymous_0)
DA:1,1
DA:2,1
DA:3,1
DA:4,1
DA:6,1
DA:7,3
DA:8,3
DA:10,3
DA:11,1
DA:12,1
DA:13,1
DA:14,1
LF:12
LH:12
BRDA:10,0,0,1
BRDA:10,0,1,2
BRF:2
BRH:2
end_of_record
TN:
SF:ffc-pay-event/projection.js
FN:1,(anonymous_0)
FN:14,(anonymous_1)
FNF:2
FNH:2
FNDA:2,(anonymous_0)
FNDA:1,(anonymous_1)
DA:1,3
DA:2,2
DA:3,2
DA:7,2
DA:8,1
DA:11,2
DA:14,3
DA:15,1
DA:16,1
DA:17,1
DA:18,1
DA:19,1
DA:22,3
LF:13
LH:13
BRDA:3,0,0,2
BRDA:3,0,1,1
BRDA:3,0,2,1
BRDA:7,1,0,1
BRDA:7,1,1,1
BRDA:15,2,0,1
BRDA:15,2,1,1
BRDA:16,3,0,1
BRDA:16,3,1,1
BRDA:17,4,0,1
BRDA:17,4,1,1
BRF:11
BRH:11
end_of_record
TN:
SF:ffc-pay-event/signalr.js
FN:1,(anonymous_0)
FNF:1
FNH:1
FNDA:2,(anonymous_0)
DA:1,2
DA:2,2
DA:3,1
DA:4,1
DA:11,2
LF:5
LH:5
BRDA:2,0,0,1
BRDA:2,0,1,1
BRF:2
BRH:2
end_of_record
TN:
SF:ffc-pay-event/storage.js
FN:20,(anonymous_0)
FN:26,(anonymous_1)
FNF:2
FNH:2
FNDA:1,(anonymous_0)
FNDA:2,(anonymous_1)
DA:1,3
DA:2,3
DA:6,3
DA:8,3
DA:9,0
DA:10,0
DA:12,3
DA:13,3
DA:20,3
DA:21,1
DA:22,1
DA:23,1
DA:26,3
DA:27,2
DA:28,2
DA:29,1
DA:30,1
DA:31,1
DA:32,3
DA:36,2
DA:39,3
LF:21
LH:19
BRDA:8,0,0,0
BRDA:8,0,1,3
BRDA:28,1,0,1
BRDA:28,1,1,1
BRDA:28,2,0,2
BRDA:28,2,1,1
BRDA:29,3,0,1
BRDA:29,3,1,1
BRF:8
BRH:7
end_of_record
TN:
SF:ffc-pay-event/alerts/check-if-alert.js
FN:3,(anonymous_0)
FNF:1
FNH:0
FNDA:0,(anonymous_0)
DA:1,0
DA:3,0
DA:4,0
LF:3
LH:0
BRF:0
BRH:0
end_of_record
TN:
SF:ffc-pay-event/alerts/config.js
FNF:0
FNH:0
DA:1,1
DA:2,1
DA:4,1
DA:9,1
LF:4
LH:4
BRF:0
BRH:0
end_of_record
TN:
SF:ffc-pay-event/alerts/index.js
FNF:0
FNH:0
DA:1,1
DA:3,1
LF:2
LH:2
BRF:0
BRH:0
end_of_record
TN:
SF:ffc-pay-event/alerts/send-alert.js
FN:4,(anonymous_0)
FNF:1
FNH:0
FNDA:0,(anonymous_0)
DA:1,1
DA:2,1
DA:3,1
DA:4,1
DA:5,0
DA:6,0
DA:7,0
LF:7
LH:4
BRDA:6,0,0,0
BRDA:6,0,1,0
BRF:2
BRH:0
end_of_record
TN:
SF:ffc-pay-event/alerts/send-message-to-alerts.js
FN:1,(anonymous_0)
FNF:1
FNH:1
FNDA:2,(anonymous_0)
DA:1,2
DA:2,2
DA:3,2
DA:4,2
LF:4
LH:4
BRF:0
BRH:0
end_of_record
